{
  "0 debug pnpm:scope": {
    "selected": 1
  },
  "1 error pnpm": {
    "code": "ELIFECYCLE",
    "errno": "ENOENT",
    "syscall": "spawn",
    "file": "sh",
    "pkgid": "app-name@1.0.0",
    "stage": "start",
    "script": "craco start",
    "pkgname": "app-name",
    "err": {
      "name": "pnpm",
      "message": "app-name@1.0.0 start: `craco start`\nspawn ENOENT",
      "code": "ELIFECYCLE",
      "stack": "pnpm: app-name@1.0.0 start: `craco start`\nspawn ENOENT\n    at ChildProcess.<anonymous> (/usr/local/pnpm-global/5/node_modules/.pnpm/pnpm@6.15.1/node_modules/pnpm/dist/pnpm.cjs:92871:22)\n    at ChildProcess.emit (events.js:315:20)\n    at maybeClose (internal/child_process.js:1021:16)\n    at Process.ChildProcess._handle.onexit (internal/child_process.js:286:5)"
    }
  },
  "2 warn pnpm:global": " Local package.json exists, but node_modules missing, did you mean to install?"
}